d:\c++\anothergame\debug\anothergame.pch
d:\c++\anothergame\debug\vc142.pdb
d:\c++\anothergame\debug\vc142.idb
d:\c++\anothergame\debug\pch.obj
d:\c++\anothergame\debug\mainfrm.obj
d:\c++\anothergame\debug\anothergameview.obj
d:\c++\anothergame\debug\anothergamedoc.obj
d:\c++\anothergame\debug\anothergame.obj
d:\c++\anothergame\debug\anothergame.ilk
d:\c++\anothergame\debug\anothergame.exe
d:\c++\anothergame\debug\anothergame.pdb
d:\c++\anothergame\debug\anothergame.res
d:\c++\anothergame\debug\anothergame.tlog\cl.command.1.tlog
d:\c++\anothergame\debug\anothergame.tlog\cl.read.1.tlog
d:\c++\anothergame\debug\anothergame.tlog\cl.write.1.tlog
d:\c++\anothergame\debug\anothergame.tlog\link.command.1.tlog
d:\c++\anothergame\debug\anothergame.tlog\link.read.1.tlog
d:\c++\anothergame\debug\anothergame.tlog\link.write.1.tlog
d:\c++\anothergame\debug\anothergame.tlog\rc.command.1.tlog
d:\c++\anothergame\debug\anothergame.tlog\rc.read.1.tlog
d:\c++\anothergame\debug\anothergame.tlog\rc.write.1.tlog
